[2023-06-02 17:01:17,081] root - INFO - *******************Data Ingestion*******************
[2023-06-02 17:01:17,081] root - INFO - Export collection data as pandas Dataframe
[2023-06-02 17:01:17,081] root - INFO - Reading data from database: INSURANCE and collection: INSURANCE_PROJECT
[2023-06-02 17:01:17,351] root - INFO - Find Columns:Index(['_id', 'age', 'sex', 'bmi', 'children', 'smoker', 'region', 'expenses'], dtype='object')
[2023-06-02 17:01:17,352] root - INFO - Dropping columns:_id
[2023-06-02 17:01:17,354] root - INFO - Rows and columns in df: (1338, 7)
[2023-06-02 17:01:17,354] root - INFO - Save data in future store
[2023-06-02 17:01:17,354] root - INFO - Create Feature store folder if not available
[2023-06-02 17:01:17,355] root - INFO - Save df to feature_store_folder
[2023-06-02 17:01:17,363] root - INFO - Spliting Train and Test data
[2023-06-02 17:01:17,364] root - INFO - Create dataset directory folder if not exist
[2023-06-02 17:01:17,364] root - INFO - Save dataset to feature store folder
[2023-06-02 17:01:17,369] root - INFO - Data Ingestion Artifact : DataIngestionArtifact(feature_store_file_path='G:\\Udemy\\DATA SCIENCE ineuron\\VS Code\\ML_Project_insurance_prediction_sahil\\artifact\\06022023__170117\\data_ingestion\\feature_store\\insurance.csv', train_file_path='G:\\Udemy\\DATA SCIENCE ineuron\\VS Code\\ML_Project_insurance_prediction_sahil\\artifact\\06022023__170117\\data_ingestion\\dataset\\train.csv', test_file_path='G:\\Udemy\\DATA SCIENCE ineuron\\VS Code\\ML_Project_insurance_prediction_sahil\\artifact\\06022023__170117\\data_ingestion\\dataset\\test.csv')
[2023-06-02 17:01:17,369] root - INFO - *******************Data Validation*******************
[2023-06-02 17:01:17,369] root - INFO - Reading base dataframe
[2023-06-02 17:01:17,384] root - INFO - Replace na value in base df
[2023-06-02 17:01:17,384] root - INFO - Drop null values columns from base df
[2023-06-02 17:01:17,385] root - INFO - selecting column name which contains null above to 0.2
[2023-06-02 17:01:17,385] root - INFO - Columns to drop: []
[2023-06-02 17:01:17,385] root - INFO - Reading train dataframe
[2023-06-02 17:01:17,387] root - INFO - Reading test dataframe
[2023-06-02 17:01:17,390] root - INFO - selecting column name which contains null above to 0.2
[2023-06-02 17:01:17,390] root - INFO - Columns to drop: []
[2023-06-02 17:01:17,391] root - INFO - selecting column name which contains null above to 0.2
[2023-06-02 17:01:17,391] root - INFO - Columns to drop: []
[2023-06-02 17:01:17,393] root - INFO - Is all required columns present in train_df
[2023-06-02 17:01:17,393] root - INFO - Is all required columns present in test_df
[2023-06-02 17:01:17,393] root - INFO - As all column are available in train_df hence detecting data drift
[2023-06-02 17:01:17,399] root - INFO - As all column are available in test_df hence detecting data drift
[2023-06-02 17:01:17,403] root - INFO - Write report in yaml file
[2023-06-02 17:01:17,406] root - INFO - Data Validation Artifact : DataValidationArtifact(report_file_path='G:\\Udemy\\DATA SCIENCE ineuron\\VS Code\\ML_Project_insurance_prediction_sahil\\artifact\\06022023__170117\\data_validation\\report.yaml')
[2023-06-02 17:01:17,432] root - INFO - >>>>>>>>>>>>>>>>>>>>>>>>>>>>>>>>>>>>>>>> Model Evaluation <<<<<<<<<<<<<<<<<<<<<<<<<<<<<<<<<<<<<<<<
[2023-06-02 17:01:17,432] root - INFO - if saved model folder has model the we will compareWhich model is best trained or the model from saved model folder
[2023-06-02 17:01:17,432] root - INFO - Model Evaluation Atifact: ModelEvaluationArtifact(is_model_accepted=True, improved_accuracy=None)
[2023-06-02 17:01:17,432] root - INFO - >>>>>>>>>>>>>>>>>>>>>>>>>>>>>>>>>>>>>>>> Model Pusher >>>>>>>>>>>>>>>>>>>>>>>>>>>>>>>>>>>>>>>>
[2023-06-02 17:01:17,432] root - INFO - Loading transformer model and target encoder
[2023-06-02 17:01:17,433] root - INFO - Saving model into model pusher directory
[2023-06-02 17:01:17,462] root - INFO - Saving model in saved model dir
[2023-06-02 17:01:17,466] root - INFO - Model Pusher Artifact : ModelPusherArtifact(pusher_model_dir='G:\\Udemy\\DATA SCIENCE ineuron\\VS Code\\ML_Project_insurance_prediction_sahil\\artifact\\06022023__170117\\model_pusher_file\\saved_models', saved_model_dir='saved_models')
