[2023-06-01 12:19:52,016] root - INFO - *******************Data Ingestion*******************
[2023-06-01 12:19:52,016] root - INFO - Export collection data as pandas Dataframe
[2023-06-01 12:19:52,017] root - INFO - Reading data from database: INSURANCE and collection: INSURANCE_PROJECT
[2023-06-01 12:19:52,194] root - INFO - Find Columns:Index(['_id', 'age', 'sex', 'bmi', 'children', 'smoker', 'region', 'expenses'], dtype='object')
[2023-06-01 12:19:52,194] root - INFO - Dropping columns:_id
[2023-06-01 12:19:52,194] root - INFO - Rows and columns in df: (1338, 7)
[2023-06-01 12:19:52,195] root - INFO - Save data in future store
[2023-06-01 12:19:52,195] root - INFO - Create Feature store folder if not available
[2023-06-01 12:19:52,222] root - INFO - Save df to feature_store_folder
[2023-06-01 12:19:52,230] root - INFO - Spliting Train and Test data
[2023-06-01 12:19:52,231] root - INFO - Create dataset directory folder if not exist
[2023-06-01 12:19:52,232] root - INFO - Save dataset to feature store folder
[2023-06-01 12:19:52,236] root - INFO - Data Ingestion Artifact : DataIngestionArtifact(feature_store_file_path='G:\\Udemy\\DATA SCIENCE ineuron\\VS Code\\ML_Project_insurance_prediction_sahil\\artifact\\06012023__121952\\data_ingestion\\feature_store\\insurance.csv', train_file_path='G:\\Udemy\\DATA SCIENCE ineuron\\VS Code\\ML_Project_insurance_prediction_sahil\\artifact\\06012023__121952\\data_ingestion\\dataset\\train.csv', test_file_path='G:\\Udemy\\DATA SCIENCE ineuron\\VS Code\\ML_Project_insurance_prediction_sahil\\artifact\\06012023__121952\\data_ingestion\\dataset\\test.csv')
[2023-06-01 12:19:52,236] root - INFO - *******************Data Validation*******************
[2023-06-01 12:19:52,236] root - INFO - Reading base dataframe
[2023-06-01 12:19:52,240] root - INFO - Replace na value in base df
[2023-06-01 12:19:52,240] root - INFO - Drop null values columns from base df
[2023-06-01 12:19:52,241] root - INFO - selecting column name which contains null above to 0.2
[2023-06-01 12:19:52,241] root - INFO - Columns to drop: []
[2023-06-01 12:19:52,241] root - INFO - Reading train dataframe
[2023-06-01 12:19:52,243] root - INFO - Reading test dataframe
[2023-06-01 12:19:52,245] root - INFO - selecting column name which contains null above to 0.2
[2023-06-01 12:19:52,246] root - INFO - Columns to drop: []
[2023-06-01 12:19:52,246] root - INFO - selecting column name which contains null above to 0.2
[2023-06-01 12:19:52,247] root - INFO - Columns to drop: []
[2023-06-01 12:19:52,248] root - INFO - Is all required columns present in train_df
[2023-06-01 12:19:52,249] root - INFO - Is all required columns present in test_df
[2023-06-01 12:19:52,249] root - INFO - As all column are available in train_df hence detecting data drift
[2023-06-01 12:19:52,254] root - INFO - As all column are available in test_df hence detecting data drift
[2023-06-01 12:19:52,258] root - INFO - Write report in yaml file
[2023-06-01 12:19:52,261] root - INFO - Data Validation Artifact : DataValidationArtifact(report_file_path='G:\\Udemy\\DATA SCIENCE ineuron\\VS Code\\ML_Project_insurance_prediction_sahil\\artifact\\06012023__121952\\data_validation\\report.yaml')
